<?xml version="1.0" encoding="UTF-8"?>
<!-- Generated by org.testng.reporters.JUnitReportReporter -->
<testsuite hostname="Kesava-Ballanis-MacBook-Pro.local" failures="0" tests="4" name="cucumber.testRunner.TestRunner" time="59.969" errors="0" timestamp="2022-03-21T14:21:23 IST" skipped="0">
  <testcase classname="cucumber.testRunner.TestRunner" name="runScenario" time="12.688"/>
  <system-out/>
  <testcase classname="cucumber.testRunner.TestRunner" name="runScenario" time="16.282"/>
  <system-out/>
  <testcase classname="cucumber.testRunner.TestRunner" name="runScenario" time="13.931"/>
  <system-out/>
  <testcase classname="cucumber.testRunner.TestRunner" name="runScenario" time="17.068"/>
  <system-out/>
</testsuite> <!-- cucumber.testRunner.TestRunner -->
