<?xml version="1.0" encoding="UTF-8"?>
<!-- Generated by org.testng.reporters.JUnitReportReporter -->
<testsuite hostname="Kesava-Ballanis-MacBook-Pro.local" failures="0" tests="4" name="com.cucumber.testRunner.TestRunner" time="60.336" errors="0" timestamp="2022-03-21T19:24:51 IST" skipped="0">
  <testcase classname="com.cucumber.testRunner.TestRunner" name="runScenario" time="17.021"/>
  <system-out/>
  <testcase classname="com.cucumber.testRunner.TestRunner" name="runScenario" time="14.761"/>
  <system-out/>
  <testcase classname="com.cucumber.testRunner.TestRunner" name="runScenario" time="11.995"/>
  <system-out/>
  <testcase classname="com.cucumber.testRunner.TestRunner" name="runScenario" time="16.559"/>
  <system-out/>
</testsuite> <!-- com.cucumber.testRunner.TestRunner -->
