<?xml version="1.0" encoding="UTF-8"?>
<!-- Generated by org.testng.reporters.JUnitReportReporter -->
<testsuite hostname="KesavaBlanisMBP.domain.name" failures="0" tests="1" name="com.laserhub.testRunner.TestRunner" time="21.718" errors="0" timestamp="2022-04-06T09:23:53 IST" skipped="0">
  <testcase classname="com.laserhub.testRunner.TestRunner" name="runScenario" time="21.718"/>
  <system-out/>
</testsuite> <!-- com.laserhub.testRunner.TestRunner -->
