<?xml version="1.0" encoding="UTF-8"?>
<!-- Generated by org.testng.reporters.JUnitReportReporter -->
<testsuite hostname="Kesava-Ballanis-MacBook-Pro.local" failures="0" tests="4" name="cucumber.testRunner.TestRunner" time="65.563" errors="0" timestamp="2022-03-21T14:41:52 IST" skipped="0">
  <testcase classname="cucumber.testRunner.TestRunner" name="runScenario" time="18.200"/>
  <system-out/>
  <testcase classname="cucumber.testRunner.TestRunner" name="runScenario" time="18.635"/>
  <system-out/>
  <testcase classname="cucumber.testRunner.TestRunner" name="runScenario" time="14.565"/>
  <system-out/>
  <testcase classname="cucumber.testRunner.TestRunner" name="runScenario" time="14.163"/>
  <system-out/>
</testsuite> <!-- cucumber.testRunner.TestRunner -->
