<?xml version="1.0" encoding="UTF-8"?>
<!-- Generated by org.testng.reporters.JUnitReportReporter -->
<testsuite hostname="Kesava-Ballanis-MacBook-Pro.local" failures="0" tests="4" name="com.cucumber.testRunner.TestRunner" time="60.254" errors="0" timestamp="2022-03-21T19:30:19 IST" skipped="0">
  <testcase classname="com.cucumber.testRunner.TestRunner" name="runScenario" time="16.497"/>
  <system-out/>
  <testcase classname="com.cucumber.testRunner.TestRunner" name="runScenario" time="16.608"/>
  <system-out/>
  <testcase classname="com.cucumber.testRunner.TestRunner" name="runScenario" time="12.491"/>
  <system-out/>
  <testcase classname="com.cucumber.testRunner.TestRunner" name="runScenario" time="14.658"/>
  <system-out/>
</testsuite> <!-- com.cucumber.testRunner.TestRunner -->
